<?xml version="1.0" encoding="UTF-8"?>
<!-- Generated by org.testng.reporters.JUnitReportReporter -->
<testsuite skipped="0" hostname="DESKTOP-ODVS86H" name="TestRunner.Testrunner" tests="1" failures="0" timestamp="10 Nov 2018 19:24:57 GMT" time="26.299" errors="0">
  <testcase name="feature" time="26.299" classname="TestRunner.Testrunner"/>
</testsuite> <!-- TestRunner.Testrunner -->
